<?xml version="1.0" encoding="UTF-8"?>
<testsuite name="com.example.dreamjob.DreamJobApplicationTests" tests="1" skipped="0" failures="0" errors="0" timestamp="2024-11-05T11:59:13" hostname="TDTRUNG" time="0.39">
  <properties/>
  <testcase name="contextLoads()" classname="com.example.dreamjob.DreamJobApplicationTests" time="0.39"/>
  <system-out><![CDATA[18:59:07.735 [Test worker] INFO org.springframework.test.context.support.AnnotationConfigContextLoaderUtils -- Could not detect default configuration classes for test class [com.example.dreamjob.DreamJobApplicationTests]: DreamJobApplicationTests does not declare any static, non-private, non-final, nested classes annotated with @Configuration.
18:59:07.849 [Test worker] INFO org.springframework.boot.test.context.SpringBootTestContextBootstrapper -- Found @SpringBootConfiguration com.example.dreamjob.DreamJobApplication for test class com.example.dreamjob.DreamJobApplicationTests

  .   ____          _            __ _ _
 /\\ / ___'_ __ _ _(_)_ __  __ _ \ \ \ \
( ( )\___ | '_ | '_| | '_ \/ _` | \ \ \ \
 \\/  ___)| |_)| | | | | || (_| |  ) ) ) )
  '  |____| .__|_| |_|_| |_\__, | / / / /
 =========|_|==============|___/=/_/_/_/

 :: Spring Boot ::                (v3.3.5)

2024-11-05T18:59:08.230+07:00  INFO 2308 --- [    Test worker] c.e.dreamjob.DreamJobApplicationTests    : Starting DreamJobApplicationTests using Java 17.0.12 with PID 2308 (started by trung in C:\Users\trung\IdeaProjects\DreamJob)
2024-11-05T18:59:08.230+07:00  INFO 2308 --- [    Test worker] c.e.dreamjob.DreamJobApplicationTests    : No active profile set, falling back to 1 default profile: "default"
2024-11-05T18:59:08.912+07:00  INFO 2308 --- [    Test worker] .s.d.r.c.RepositoryConfigurationDelegate : Bootstrapping Spring Data JPA repositories in DEFAULT mode.
2024-11-05T18:59:08.973+07:00  INFO 2308 --- [    Test worker] .s.d.r.c.RepositoryConfigurationDelegate : Finished Spring Data repository scanning in 53 ms. Found 4 JPA repository interfaces.
2024-11-05T18:59:09.471+07:00  INFO 2308 --- [    Test worker] o.hibernate.jpa.internal.util.LogHelper  : HHH000204: Processing PersistenceUnitInfo [name: default]
2024-11-05T18:59:09.534+07:00  INFO 2308 --- [    Test worker] org.hibernate.Version                    : HHH000412: Hibernate ORM core version 6.5.3.Final
2024-11-05T18:59:09.575+07:00  INFO 2308 --- [    Test worker] o.h.c.internal.RegionFactoryInitiator    : HHH000026: Second-level cache disabled
2024-11-05T18:59:09.861+07:00  INFO 2308 --- [    Test worker] o.s.o.j.p.SpringPersistenceUnitInfo      : No LoadTimeWeaver setup: ignoring JPA class transformer
2024-11-05T18:59:09.881+07:00  INFO 2308 --- [    Test worker] com.zaxxer.hikari.HikariDataSource       : HikariPool-1 - Starting...
2024-11-05T18:59:10.089+07:00  INFO 2308 --- [    Test worker] com.zaxxer.hikari.pool.HikariPool        : HikariPool-1 - Added connection ConnectionID:1 ClientConnectionId: 617c6e02-cb06-4017-9f42-2e95a068ba06
2024-11-05T18:59:10.089+07:00  INFO 2308 --- [    Test worker] com.zaxxer.hikari.HikariDataSource       : HikariPool-1 - Start completed.
2024-11-05T18:59:11.036+07:00  INFO 2308 --- [    Test worker] o.h.e.t.j.p.i.JtaPlatformInitiator       : HHH000489: No JTA platform available (set 'hibernate.transaction.jta.platform' to enable JTA platform integration)
Hibernate: alter table app_company alter column company_introduce NVARCHAR(MAX)
Hibernate: alter table app_message_detail alter column mess_content NVARCHAR(MAX)
Hibernate: alter table app_post alter column application_requirements NVARCHAR(MAX)
Hibernate: alter table app_post alter column benefits NVARCHAR(MAX)
Hibernate: alter table app_post alter column gender nvarchar(50)
Hibernate: alter table app_post alter column job_description NVARCHAR(MAX)
Hibernate: alter table app_user alter column username nvarchar(50)
2024-11-05T18:59:12.104+07:00  INFO 2308 --- [    Test worker] j.LocalContainerEntityManagerFactoryBean : Initialized JPA EntityManagerFactory for persistence unit 'default'
2024-11-05T18:59:12.514+07:00  WARN 2308 --- [    Test worker] JpaBaseConfiguration$JpaWebConfiguration : spring.jpa.open-in-view is enabled by default. Therefore, database queries may be performed during view rendering. Explicitly configure spring.jpa.open-in-view to disable this warning
2024-11-05T18:59:12.533+07:00  WARN 2308 --- [    Test worker] .s.s.UserDetailsServiceAutoConfiguration : 

Using generated security password: 3c463854-6aa9-4b44-adb1-834e39965946

This generated password is for development use only. Your security configuration must be updated before running your application in production.

2024-11-05T18:59:12.533+07:00  INFO 2308 --- [    Test worker] r$InitializeUserDetailsManagerConfigurer : Global AuthenticationManager configured with UserDetailsService bean with name inMemoryUserDetailsManager
2024-11-05T18:59:13.191+07:00  INFO 2308 --- [    Test worker] c.e.dreamjob.DreamJobApplicationTests    : Started DreamJobApplicationTests in 5.19 seconds (process running for 6.204)
]]></system-out>
  <system-err><![CDATA[]]></system-err>
</testsuite>
